{
"/usr/local/var/www/dev/js-sdk/src/config.js":{"path":"/usr/local/var/www/dev/js-sdk/src/config.js","s":{"1":1,"2":0},"b":{},"f":{"1":0},"fnMap":{"1":{"name":"product","line":3,"loc":{"start":{"line":3,"column":17},"end":{"line":3,"column":47}}}},"statementMap":{"1":{"start":{"line":1,"column":0},"end":{"line":7,"column":2}},"2":{"start":{"line":4,"column":12},"end":{"line":4,"column":73}}},"branchMap":{},"l":{"1":1,"4":0}},
"/usr/local/var/www/dev/js-sdk/src/SelzClient.js":{"path":"/usr/local/var/www/dev/js-sdk/src/SelzClient.js","s":{"1":1,"2":1,"3":1,"4":1,"5":1,"6":1,"7":1,"8":1,"9":0,"10":0,"11":1,"12":1},"b":{},"f":{"1":1,"2":1,"3":1,"4":1,"5":0,"6":0,"7":1},"fnMap":{"1":{"name":"(anonymous_1)","line":3,"loc":{"start":{"line":3,"column":17},"end":{"line":3,"column":29}}},"2":{"name":"SelzClient","line":4,"loc":{"start":{"line":4,"column":4},"end":{"line":4,"column":31}}},"3":{"name":"getProduct","line":14,"loc":{"start":{"line":14,"column":15},"end":{"line":14,"column":40}}},"4":{"name":"(anonymous_4)","line":17,"loc":{"start":{"line":17,"column":31},"end":{"line":17,"column":58}}},"5":{"name":"(anonymous_5)","line":18,"loc":{"start":{"line":18,"column":74},"end":{"line":18,"column":94}}},"6":{"name":"(anonymous_6)","line":19,"loc":{"start":{"line":19,"column":41},"end":{"line":19,"column":57}}},"7":{"name":"version","line":27,"loc":{"start":{"line":27,"column":15},"end":{"line":27,"column":34}}}},"statementMap":{"1":{"start":{"line":3,"column":0},"end":{"line":32,"column":4}},"2":{"start":{"line":4,"column":4},"end":{"line":10,"column":5}},"3":{"start":{"line":5,"column":8},"end":{"line":5,"column":54}},"4":{"start":{"line":7,"column":8},"end":{"line":9,"column":18}},"5":{"start":{"line":12,"column":4},"end":{"line":30,"column":8}},"6":{"start":{"line":15,"column":12},"end":{"line":15,"column":29}},"7":{"start":{"line":17,"column":12},"end":{"line":23,"column":15}},"8":{"start":{"line":18,"column":16},"end":{"line":22,"column":33}},"9":{"start":{"line":19,"column":20},"end":{"line":21,"column":37}},"10":{"start":{"line":20,"column":24},"end":{"line":20,"column":45}},"11":{"start":{"line":28,"column":12},"end":{"line":28,"column":27}},"12":{"start":{"line":31,"column":4},"end":{"line":31,"column":22}}},"branchMap":{},"l":{"3":1,"4":1,"5":1,"7":1,"12":1,"15":1,"17":1,"18":1,"19":0,"20":0,"28":1,"31":1}}}
