TN:
SF:/usr/local/var/www/dev/js-sdk/src/config.js
FN:3,product
FNF:1
FNH:0
FNDA:0,product
DA:1,1
DA:4,0
LF:2
LH:1
BRF:0
BRH:0
end_of_record
TN:
SF:/usr/local/var/www/dev/js-sdk/src/SelzClient.js
FN:3,(anonymous_1)
FN:4,SelzClient
FN:14,getProduct
FN:17,(anonymous_4)
FN:18,(anonymous_5)
FN:19,(anonymous_6)
FN:27,version
FNF:7
FNH:5
FNDA:1,(anonymous_1)
FNDA:1,SelzClient
FNDA:1,getProduct
FNDA:1,(anonymous_4)
FNDA:0,(anonymous_5)
FNDA:0,(anonymous_6)
FNDA:1,version
DA:3,1
DA:4,1
DA:5,1
DA:7,1
DA:12,1
DA:15,1
DA:17,1
DA:18,1
DA:19,0
DA:20,0
DA:28,1
DA:31,1
LF:12
LH:10
BRF:0
BRH:0
end_of_record
